avr.-20 15:23:24.959 [main] DEBUG nextflow.cli.Launcher - $> nextflow run main.nf
avr.-20 15:23:25.029 [main] INFO  nextflow.cli.CmdRun - N E X T F L O W  ~  version 22.03.1-edge
avr.-20 15:23:25.051 [main] DEBUG nextflow.config.ConfigBuilder - Found config local: /home/lhelou/Documents/formations/nextflow/tutorialNextflow/nextflow.config
avr.-20 15:23:25.052 [main] DEBUG nextflow.config.ConfigBuilder - Parsing config file: /home/lhelou/Documents/formations/nextflow/tutorialNextflow/nextflow.config
avr.-20 15:23:25.077 [main] DEBUG nextflow.config.ConfigBuilder - Applying config profile: `standard`
avr.-20 15:23:25.520 [main] INFO  nextflow.cli.CmdRun - Launching `main.nf` [gloomy_bartik] DSL2 - revision: 641da1ee38
avr.-20 15:23:25.532 [main] DEBUG nextflow.plugin.PluginsFacade - Setting up plugin manager > mode=prod; plugins-dir=/home/lhelou/.nextflow/plugins; core-plugins: nf-amazon@1.6.0,nf-azure@0.13.0,nf-console@1.0.3,nf-ga4gh@1.0.3,nf-google@1.1.4,nf-sqldb@0.3.0,nf-tower@1.4.0
avr.-20 15:23:25.534 [main] DEBUG nextflow.plugin.PluginsFacade - Plugins default=[]
avr.-20 15:23:25.548 [main] INFO  org.pf4j.DefaultPluginStatusProvider - Enabled plugins: []
avr.-20 15:23:25.551 [main] INFO  org.pf4j.DefaultPluginStatusProvider - Disabled plugins: []
avr.-20 15:23:25.556 [main] INFO  org.pf4j.DefaultPluginManager - PF4J version 3.4.1 in 'deployment' mode
avr.-20 15:23:25.567 [main] INFO  org.pf4j.AbstractPluginManager - No plugins
avr.-20 15:23:25.622 [main] DEBUG nextflow.Session - Session uuid: cbb9ee77-c75a-4928-8bdb-3bb61a188a49
avr.-20 15:23:25.622 [main] DEBUG nextflow.Session - Run name: gloomy_bartik
avr.-20 15:23:25.623 [main] DEBUG nextflow.Session - Executor pool size: 8
avr.-20 15:23:25.648 [main] DEBUG nextflow.cli.CmdRun - 
  Version: 22.03.1-edge build 5695
  Created: 06-04-2022 20:51 UTC (22:51 CEST)
  System: Linux 5.13.0-40-generic
  Runtime: Groovy 3.0.10 on OpenJDK 64-Bit Server VM 11.0.14.1+1-Ubuntu-0ubuntu1.21.10
  Encoding: UTF-8 (UTF-8)
  Process: 27216@ines-Latitude-7400 [127.0.1.1]
  CPUs: 8 - Mem: 15.4 GB (9.4 GB) - Swap: 2 GB (2 GB)
avr.-20 15:23:25.673 [main] DEBUG nextflow.Session - Work-dir: /home/lhelou/Documents/formations/nextflow/tutorialNextflow/work [ext2/ext3]
avr.-20 15:23:25.673 [main] DEBUG nextflow.Session - Script base path does not exist or is not a directory: /home/lhelou/Documents/formations/nextflow/tutorialNextflow/bin
avr.-20 15:23:25.684 [main] DEBUG nextflow.executor.ExecutorFactory - Extension executors providers=[]
avr.-20 15:23:25.698 [main] DEBUG nextflow.Session - Observer factory: DefaultObserverFactory
avr.-20 15:23:25.718 [main] DEBUG nextflow.cache.CacheFactory - Using Nextflow cache factory: nextflow.cache.DefaultCacheFactory
avr.-20 15:23:25.730 [main] DEBUG nextflow.util.CustomThreadPool - Creating default thread pool > poolSize: 9; maxThreads: 1000
avr.-20 15:23:25.796 [main] DEBUG nextflow.Session - Session start invoked
avr.-20 15:23:25.997 [main] DEBUG nextflow.script.ScriptRunner - > Launching execution
avr.-20 15:23:26.018 [main] INFO  nextflow.script.BaseScript - I will BLAST file.fasta against myBlastDatabase
avr.-20 15:23:26.021 [main] DEBUG nextflow.Session - Workflow process names [dsl2]: 
avr.-20 15:23:26.022 [main] DEBUG nextflow.Session - Ignite dataflow network (0)
avr.-20 15:23:26.022 [main] DEBUG nextflow.script.ScriptRunner - > Await termination 
avr.-20 15:23:26.022 [main] DEBUG nextflow.Session - Session await
avr.-20 15:23:26.022 [main] DEBUG nextflow.Session - Session await > all process finished
avr.-20 15:23:26.022 [main] DEBUG nextflow.Session - Session await > all barriers passed
avr.-20 15:23:26.038 [main] DEBUG nextflow.trace.WorkflowStatsObserver - Workflow completed > WorkflowStats[succeededCount=0; failedCount=0; ignoredCount=0; cachedCount=0; pendingCount=0; submittedCount=0; runningCount=0; retriesCount=0; abortedCount=0; succeedDuration=0ms; failedDuration=0ms; cachedDuration=0ms;loadCpus=0; loadMemory=0; peakRunning=0; peakCpus=0; peakMemory=0; ]
avr.-20 15:23:26.220 [main] DEBUG nextflow.cache.CacheDB - Closing CacheDB done
avr.-20 15:23:26.237 [main] DEBUG nextflow.script.ScriptRunner - > Execution complete -- Goodbye
